<?xml version="1.0" encoding="UTF-8"?>
<!-- Generated by org.testng.reporters.JUnitXMLReporter -->
<testsuite ignored="6" hostname="IMCNBCP244-MSL2" failures="0" tests="1" name="Default test" time="18.199" errors="0" timestamp="2023-01-06T10:16:57 IST">
  <testcase classname="SeleniumPractice.TestngclassTest" name="Login1" time="9.832"/>
  <testcase classname="SeleniumPractice.TestngclassTest" name="Test5" time="0.0">
    <ignored/>
  </testcase> <!-- Test5 -->
  <testcase classname="SeleniumPractice.TestngclassTest" name="Test2" time="0.0">
    <ignored/>
  </testcase> <!-- Test2 -->
  <testcase classname="SeleniumPractice.TestngclassTest" name="Test3" time="0.0">
    <ignored/>
  </testcase> <!-- Test3 -->
  <testcase classname="SeleniumPractice.TestngclassTest" name="Login" time="0.0">
    <ignored/>
  </testcase> <!-- Login -->
  <testcase classname="SeleniumPractice.TestngclassTest" name="Test1" time="0.0">
    <ignored/>
  </testcase> <!-- Test1 -->
  <testcase classname="SeleniumPractice.TestngclassTest" name="Test4" time="0.0">
    <ignored/>
  </testcase> <!-- Test4 -->
</testsuite> <!-- Default test -->
