<?xml version="1.0" encoding="UTF-8"?>
<testng-results ignored="6" total="7" passed="1" failed="0" skipped="0">
  <reporter-output>
  </reporter-output>
  <suite started-at="2023-01-06T10:16:39 IST" name="Default suite" finished-at="2023-01-06T10:16:57 IST" duration-ms="18199">
    <groups>
    </groups>
    <test started-at="2023-01-06T10:16:39 IST" name="Default test" finished-at="2023-01-06T10:16:57 IST" duration-ms="18199">
      <class name="SeleniumPractice.TestngclassTest">
        <test-method is-config="true" signature="beforeMethod()[pri:0, instance:SeleniumPractice.TestngclassTest@14555e0a]" started-at="2023-01-06T10:16:39 IST" name="beforeMethod" finished-at="2023-01-06T10:16:47 IST" duration-ms="8333" status="PASS">
          <reporter-output>
          </reporter-output>
        </test-method> <!-- beforeMethod -->
        <test-method signature="Login1()[pri:0, instance:SeleniumPractice.TestngclassTest@14555e0a]" started-at="2023-01-06T10:16:47 IST" name="Login1" finished-at="2023-01-06T10:16:57 IST" duration-ms="9832" status="PASS">
          <reporter-output>
          </reporter-output>
        </test-method> <!-- Login1 -->
        <test-method is-config="true" signature="afterMethod()[pri:0, instance:SeleniumPractice.TestngclassTest@14555e0a]" started-at="2023-01-06T10:16:57 IST" name="afterMethod" finished-at="2023-01-06T10:16:57 IST" duration-ms="0" status="PASS">
          <reporter-output>
          </reporter-output>
        </test-method> <!-- afterMethod -->
      </class> <!-- SeleniumPractice.TestngclassTest -->
    </test> <!-- Default test -->
  </suite> <!-- Default suite -->
</testng-results>
